<?xml version="1.0" encoding="UTF-8"?>
<!-- Generated by org.testng.reporters.JUnitReportReporter -->
<testsuite skipped="0" hostname="DIN51002346" name="Automation.Cucumber.Login" tests="1" failures="0" timestamp="04 Dec 2018 07:16:46 GMT" time="6.780" errors="0">
  <testcase name="navigate" time="6.780" classname="Automation.Cucumber.Login"/>
</testsuite> <!-- Automation.Cucumber.Login -->
